<?xml version="1.0" encoding="UTF-8"?>
<!-- Generated by org.testng.reporters.JUnitReportReporter -->
<testsuite hostname="DESKTOP-4HU8PPE" failures="0" tests="1" name="abhi.vtiger.createorganization.CreateOrgTest" time="0.072" errors="0" timestamp="2025-10-06T17:58:09 IST" skipped="0">
  <testcase classname="abhi.vtiger.createorganization.CreateOrgTest" name="createOrganization" time="0.072"/>
</testsuite> <!-- abhi.vtiger.createorganization.CreateOrgTest -->
