<?xml version="1.0" encoding="UTF-8"?>
<!-- Generated by org.testng.reporters.JUnitReportReporter -->
<testsuite hostname="DESKTOP-4HU8PPE" failures="0" tests="4" name="abhi.vtiger.createorganization.M2" time="0.063" errors="0" timestamp="2025-09-20T14:56:01 IST" skipped="0">
  <testcase classname="abhi.vtiger.createorganization.M2" name="M2a1" time="0.016"/>
  <testcase classname="abhi.vtiger.createorganization.M2" name="M2a4" time="0.015"/>
  <testcase classname="abhi.vtiger.createorganization.M2" name="M2a2" time="0.016"/>
  <testcase classname="abhi.vtiger.createorganization.M2" name="M2a3" time="0.016"/>
</testsuite> <!-- abhi.vtiger.createorganization.M2 -->
