<?xml version="1.0" encoding="UTF-8"?>
<!-- Generated by org.testng.reporters.JUnitReportReporter -->
<testsuite hostname="DESKTOP-4HU8PPE" failures="0" tests="4" name="abhi.vtiger.createorganization.M3" time="0.031" errors="0" timestamp="2025-09-20T14:56:01 IST" skipped="0">
  <testcase classname="abhi.vtiger.createorganization.M3" name="M3a4" time="0.015"/>
  <testcase classname="abhi.vtiger.createorganization.M3" name="M3a3" time="0.000"/>
  <testcase classname="abhi.vtiger.createorganization.M3" name="M3a2" time="0.000"/>
  <testcase classname="abhi.vtiger.createorganization.M3" name="M3a1" time="0.016"/>
</testsuite> <!-- abhi.vtiger.createorganization.M3 -->
