<?xml version="1.0" encoding="UTF-8"?>
<!-- Generated by org.testng.reporters.JUnitReportReporter -->
<testsuite hostname="DESKTOP-4HU8PPE" failures="0" tests="2" name="abhi.vtiger.createorganization.M1" time="0.055" errors="0" timestamp="2025-10-06T17:58:09 IST" skipped="0">
  <testcase classname="abhi.vtiger.createorganization.M1" name="M1a1" time="0.018"/>
  <testcase classname="abhi.vtiger.createorganization.M1" name="M1a2" time="0.037"/>
</testsuite> <!-- abhi.vtiger.createorganization.M1 -->
